[INFO] Scanning for projects...
[INFO] 
[INFO] ----------------------------< com.pbl5:app >----------------------------
[INFO] Building app 1.0.0-SNAPSHOT
[INFO]   from pom.xml
[INFO] --------------------------------[ jar ]---------------------------------
[INFO] 
[INFO] >>> spring-boot:3.2.5:run (default-cli) > test-compile @ app >>>
[INFO] 
[INFO] --- resources:3.3.1:resources (default-resources) @ app ---
[INFO] Copying 1 resource from src/main/resources to target/classes
[INFO] Copying 10 resources from src/main/resources to target/classes
[INFO] 
[INFO] --- compiler:3.11.0:compile (default-compile) @ app ---
[INFO] Nothing to compile - all classes are up to date
[INFO] 
[INFO] --- resources:3.3.1:testResources (default-testResources) @ app ---
[INFO] skip non existing resourceDirectory /Users/thinguyen/năm3 kì 2/pbl5/src/test/resources
[INFO] 
[INFO] --- compiler:3.11.0:testCompile (default-testCompile) @ app ---
[INFO] No sources to compile
[INFO] 
[INFO] <<< spring-boot:3.2.5:run (default-cli) < test-compile @ app <<<
[INFO] 
[INFO] 
[INFO] --- spring-boot:3.2.5:run (default-cli) @ app ---
[INFO] Attaching agents: []

  .   ____          _            __ _ _
 /\\ / ___'_ __ _ _(_)_ __  __ _ \ \ \ \
( ( )\___ | '_ | '_| | '_ \/ _` | \ \ \ \
 \\/  ___)| |_)| | | | | || (_| |  ) ) ) )
  '  |____| .__|_| |_|_| |_\__, | / / / /
 =========|_|==============|___/=/_/_/_/
 :: Spring Boot ::                (v3.2.5)

2026-04-18T23:47:07.547+07:00  INFO 18217 --- [           main] com.pbl5.Application                     : Starting Application using Java 25.0.2 with PID 18217 (/Users/thinguyen/năm3 kì 2/pbl5/target/classes started by thinguyen in /Users/thinguyen/năm3 kì 2/pbl5)
2026-04-18T23:47:07.548+07:00  INFO 18217 --- [           main] com.pbl5.Application                     : No active profile set, falling back to 1 default profile: "default"
2026-04-18T23:47:07.840+07:00  INFO 18217 --- [           main] .s.d.r.c.RepositoryConfigurationDelegate : Bootstrapping Spring Data JPA repositories in DEFAULT mode.
2026-04-18T23:47:07.873+07:00  INFO 18217 --- [           main] .s.d.r.c.RepositoryConfigurationDelegate : Finished Spring Data repository scanning in 29 ms. Found 4 JPA repository interfaces.
WARNING: A restricted method in java.lang.System has been called
WARNING: java.lang.System::load has been called by org.apache.tomcat.jni.Library in an unnamed module (file:/Users/thinguyen/.m2/repository/org/apache/tomcat/embed/tomcat-embed-core/10.1.20/tomcat-embed-core-10.1.20.jar)
WARNING: Use --enable-native-access=ALL-UNNAMED to avoid a warning for callers in this module
WARNING: Restricted methods will be blocked in a future release unless native access is enabled

2026-04-18T23:47:08.115+07:00  INFO 18217 --- [           main] o.s.b.w.embedded.tomcat.TomcatWebServer  : Tomcat initialized with port 8080 (http)
2026-04-18T23:47:08.121+07:00  INFO 18217 --- [           main] o.apache.catalina.core.StandardService   : Starting service [Tomcat]
2026-04-18T23:47:08.122+07:00  INFO 18217 --- [           main] o.apache.catalina.core.StandardEngine    : Starting Servlet engine: [Apache Tomcat/10.1.20]
2026-04-18T23:47:08.143+07:00  INFO 18217 --- [           main] o.a.c.c.C.[Tomcat].[localhost].[/]       : Initializing Spring embedded WebApplicationContext
2026-04-18T23:47:08.143+07:00  INFO 18217 --- [           main] w.s.c.ServletWebServerApplicationContext : Root WebApplicationContext: initialization completed in 572 ms
2026-04-18T23:47:08.206+07:00  INFO 18217 --- [           main] o.hibernate.jpa.internal.util.LogHelper  : HHH000204: Processing PersistenceUnitInfo [name: default]
2026-04-18T23:47:08.226+07:00  INFO 18217 --- [           main] org.hibernate.Version                    : HHH000412: Hibernate ORM core version 6.4.4.Final
2026-04-18T23:47:08.239+07:00  INFO 18217 --- [           main] o.h.c.internal.RegionFactoryInitiator    : HHH000026: Second-level cache disabled
2026-04-18T23:47:08.339+07:00  INFO 18217 --- [           main] o.s.o.j.p.SpringPersistenceUnitInfo      : No LoadTimeWeaver setup: ignoring JPA class transformer
2026-04-18T23:47:08.350+07:00  INFO 18217 --- [           main] com.zaxxer.hikari.HikariDataSource       : HikariPool-1 - Starting...
2026-04-18T23:47:09.119+07:00  INFO 18217 --- [           main] com.zaxxer.hikari.pool.HikariPool        : HikariPool-1 - Added connection org.postgresql.jdbc.PgConnection@5f61e002
2026-04-18T23:47:09.121+07:00  INFO 18217 --- [           main] com.zaxxer.hikari.HikariDataSource       : HikariPool-1 - Start completed.
2026-04-18T23:47:09.190+07:00  WARN 18217 --- [           main] org.hibernate.orm.deprecation            : HHH90000025: PostgreSQLDialect does not need to be specified explicitly using 'hibernate.dialect' (remove the property setting and it will be selected by default)
2026-04-18T23:47:09.667+07:00  INFO 18217 --- [           main] o.h.e.t.j.p.i.JtaPlatformInitiator       : HHH000489: No JTA platform available (set 'hibernate.transaction.jta.platform' to enable JTA platform integration)
2026-04-18T23:47:10.709+07:00  INFO 18217 --- [           main] j.LocalContainerEntityManagerFactoryBean : Initialized JPA EntityManagerFactory for persistence unit 'default'
2026-04-18T23:47:10.956+07:00  WARN 18217 --- [           main] JpaBaseConfiguration$JpaWebConfiguration : spring.jpa.open-in-view is enabled by default. Therefore, database queries may be performed during view rendering. Explicitly configure spring.jpa.open-in-view to disable this warning
2026-04-18T23:47:10.999+07:00  INFO 18217 --- [           main] o.s.b.a.w.s.WelcomePageHandlerMapping    : Adding welcome page: class path resource [static/index.html]
2026-04-18T23:47:11.106+07:00  INFO 18217 --- [           main] o.s.s.web.DefaultSecurityFilterChain     : Will secure any request with [org.springframework.security.web.session.DisableEncodeUrlFilter@434a2a10, org.springframework.security.web.context.request.async.WebAsyncManagerIntegrationFilter@6debf1b8, org.springframework.security.web.context.SecurityContextHolderFilter@7212b28e, org.springframework.security.web.header.HeaderWriterFilter@308e465b, org.springframework.web.filter.CorsFilter@701da311, org.springframework.security.web.authentication.logout.LogoutFilter@9fd5dd0, org.springframework.security.oauth2.client.web.OAuth2AuthorizationRequestRedirectFilter@62ff3028, org.springframework.security.oauth2.client.web.OAuth2LoginAuthenticationFilter@732bb49d, org.springframework.security.web.authentication.ui.DefaultLoginPageGeneratingFilter@762d2e4c, org.springframework.security.web.authentication.ui.DefaultLogoutPageGeneratingFilter@4fe9fb65, org.springframework.security.web.savedrequest.RequestCacheAwareFilter@87df88d, org.springframework.security.web.servletapi.SecurityContextHolderAwareRequestFilter@4f3b11e6, org.springframework.security.web.authentication.AnonymousAuthenticationFilter@5de14222, org.springframework.security.web.access.ExceptionTranslationFilter@56bf6f1e, org.springframework.security.web.access.intercept.AuthorizationFilter@6662974a]
2026-04-18T23:47:11.197+07:00  INFO 18217 --- [           main] o.s.b.w.embedded.tomcat.TomcatWebServer  : Tomcat started on port 8080 (http) with context path ''
2026-04-18T23:47:11.201+07:00  INFO 18217 --- [           main] com.pbl5.Application                     : Started Application in 3.815 seconds (process running for 3.969)
Đang kiểm tra kết nối tới PostgreSQL...
✅ HOAN HÔ! Đã kết nối PostgreSQL thành công!
✅ Metadata Database: PostgreSQL 17.6


==========================================================
🚀 MÁY CHỦ JAVA SPRING BOOT ĐÃ CHẠY THÀNH CÔNG RỰC RỠ! 🚀
🌐 Địa chỉ nội bộ Mac:  http://localhost:8080
🌐 Địa chỉ ip trên mạng lan:  hãy gõ ipconfig getifaddr en0 
 sẽ hiện ra ip hiện tại của máy trên mạng lan  
==========================================================

2026-04-18T23:50:10.168+07:00  INFO 18217 --- [0.0-8080-exec-1] o.a.c.c.C.[Tomcat].[localhost].[/]       : Initializing Spring DispatcherServlet 'dispatcherServlet'
2026-04-18T23:50:10.169+07:00  INFO 18217 --- [0.0-8080-exec-1] o.s.web.servlet.DispatcherServlet        : Initializing Servlet 'dispatcherServlet'
2026-04-18T23:50:10.171+07:00  INFO 18217 --- [0.0-8080-exec-1] o.s.web.servlet.DispatcherServlet        : Completed initialization in 2 ms
Hibernate: select u1_0.id,u1_0.avatar,u1_0.bio,u1_0.cover,u1_0.date_of_birth,u1_0.email,u1_0.full_name,u1_0.gender,u1_0.password,u1_0.phone_number,u1_0.provider,u1_0.relationship_status,u1_0.reset_password_token,u1_0.status,u1_0.username,u1_0.verification_code from users u1_0 where u1_0.email=?
Hibernate: select u1_0.id,u1_0.avatar,u1_0.bio,u1_0.cover,u1_0.date_of_birth,u1_0.email,u1_0.full_name,u1_0.gender,u1_0.password,u1_0.phone_number,u1_0.provider,u1_0.relationship_status,u1_0.reset_password_token,u1_0.status,u1_0.username,u1_0.verification_code from users u1_0 where u1_0.email=?
Hibernate: select p1_0.id,p1_0.content,p1_0.created_at,p1_0.image_url,p1_0.user_id,p1_0.visibility from posts p1_0 left join users u1_0 on u1_0.id=p1_0.user_id where u1_0.id=? order by p1_0.created_at desc
Hibernate: select count(l1_0.id) from likes l1_0 left join posts p1_0 on p1_0.id=l1_0.post_id where p1_0.id=?
Hibernate: select count(c1_0.id) from comments c1_0 left join posts p1_0 on p1_0.id=c1_0.post_id where p1_0.id=?
Hibernate: select l1_0.id,l1_0.created_at,l1_0.post_id,l1_0.user_id from likes l1_0 where l1_0.post_id=? and l1_0.user_id=?
Hibernate: select u1_0.id,u1_0.avatar,u1_0.bio,u1_0.cover,u1_0.date_of_birth,u1_0.email,u1_0.full_name,u1_0.gender,u1_0.password,u1_0.phone_number,u1_0.provider,u1_0.relationship_status,u1_0.reset_password_token,u1_0.status,u1_0.username,u1_0.verification_code from users u1_0 where u1_0.email=?
Hibernate: select p1_0.id,p1_0.content,p1_0.created_at,p1_0.image_url,p1_0.user_id,u1_0.id,u1_0.avatar,u1_0.bio,u1_0.cover,u1_0.date_of_birth,u1_0.email,u1_0.full_name,u1_0.gender,u1_0.password,u1_0.phone_number,u1_0.provider,u1_0.relationship_status,u1_0.reset_password_token,u1_0.status,u1_0.username,u1_0.verification_code,p1_0.visibility from posts p1_0 join users u1_0 on u1_0.id=p1_0.user_id where p1_0.id=?
Hibernate: select l1_0.id,l1_0.created_at,l1_0.post_id,l1_0.user_id from likes l1_0 where l1_0.post_id=? and l1_0.user_id=?
Hibernate: delete from likes where id=?
Hibernate: select u1_0.id,u1_0.avatar,u1_0.bio,u1_0.cover,u1_0.date_of_birth,u1_0.email,u1_0.full_name,u1_0.gender,u1_0.password,u1_0.phone_number,u1_0.provider,u1_0.relationship_status,u1_0.reset_password_token,u1_0.status,u1_0.username,u1_0.verification_code from users u1_0 where u1_0.email=?
Hibernate: select p1_0.id,p1_0.content,p1_0.created_at,p1_0.image_url,p1_0.user_id,p1_0.visibility from posts p1_0 left join users u1_0 on u1_0.id=p1_0.user_id where u1_0.id=? order by p1_0.created_at desc
Hibernate: select count(l1_0.id) from likes l1_0 left join posts p1_0 on p1_0.id=l1_0.post_id where p1_0.id=?
Hibernate: select count(c1_0.id) from comments c1_0 left join posts p1_0 on p1_0.id=c1_0.post_id where p1_0.id=?
Hibernate: select l1_0.id,l1_0.created_at,l1_0.post_id,l1_0.user_id from likes l1_0 where l1_0.post_id=? and l1_0.user_id=?
Hibernate: select u1_0.id,u1_0.avatar,u1_0.bio,u1_0.cover,u1_0.date_of_birth,u1_0.email,u1_0.full_name,u1_0.gender,u1_0.password,u1_0.phone_number,u1_0.provider,u1_0.relationship_status,u1_0.reset_password_token,u1_0.status,u1_0.username,u1_0.verification_code from users u1_0 where u1_0.email=?
Hibernate: select c1_0.id,c1_0.content,c1_0.created_at,c1_0.post_id,c1_0.user_id from comments c1_0 left join posts p1_0 on p1_0.id=c1_0.post_id where p1_0.id=? order by c1_0.created_at desc
Hibernate: select u1_0.id,u1_0.avatar,u1_0.bio,u1_0.cover,u1_0.date_of_birth,u1_0.email,u1_0.full_name,u1_0.gender,u1_0.password,u1_0.phone_number,u1_0.provider,u1_0.relationship_status,u1_0.reset_password_token,u1_0.status,u1_0.username,u1_0.verification_code from users u1_0 where u1_0.email=?
Hibernate: select p1_0.id,p1_0.content,p1_0.created_at,p1_0.image_url,p1_0.user_id,u1_0.id,u1_0.avatar,u1_0.bio,u1_0.cover,u1_0.date_of_birth,u1_0.email,u1_0.full_name,u1_0.gender,u1_0.password,u1_0.phone_number,u1_0.provider,u1_0.relationship_status,u1_0.reset_password_token,u1_0.status,u1_0.username,u1_0.verification_code,p1_0.visibility from posts p1_0 join users u1_0 on u1_0.id=p1_0.user_id where p1_0.id=?
Hibernate: insert into comments (content,created_at,post_id,user_id) values (?,?,?,?)
Hibernate: select u1_0.id,u1_0.avatar,u1_0.bio,u1_0.cover,u1_0.date_of_birth,u1_0.email,u1_0.full_name,u1_0.gender,u1_0.password,u1_0.phone_number,u1_0.provider,u1_0.relationship_status,u1_0.reset_password_token,u1_0.status,u1_0.username,u1_0.verification_code from users u1_0 where u1_0.email=?
Hibernate: select u1_0.id,u1_0.avatar,u1_0.bio,u1_0.cover,u1_0.date_of_birth,u1_0.email,u1_0.full_name,u1_0.gender,u1_0.password,u1_0.phone_number,u1_0.provider,u1_0.relationship_status,u1_0.reset_password_token,u1_0.status,u1_0.username,u1_0.verification_code from users u1_0 where u1_0.email=?
Hibernate: select p1_0.id,p1_0.content,p1_0.created_at,p1_0.image_url,p1_0.user_id,p1_0.visibility from posts p1_0 left join users u1_0 on u1_0.id=p1_0.user_id where u1_0.id=? order by p1_0.created_at desc
Hibernate: select c1_0.id,c1_0.content,c1_0.created_at,c1_0.post_id,c1_0.user_id from comments c1_0 left join posts p1_0 on p1_0.id=c1_0.post_id where p1_0.id=? order by c1_0.created_at desc
Hibernate: select count(l1_0.id) from likes l1_0 left join posts p1_0 on p1_0.id=l1_0.post_id where p1_0.id=?
Hibernate: select count(c1_0.id) from comments c1_0 left join posts p1_0 on p1_0.id=c1_0.post_id where p1_0.id=?
Hibernate: select l1_0.id,l1_0.created_at,l1_0.post_id,l1_0.user_id from likes l1_0 where l1_0.post_id=? and l1_0.user_id=?
Hibernate: select u1_0.id,u1_0.avatar,u1_0.bio,u1_0.cover,u1_0.date_of_birth,u1_0.email,u1_0.full_name,u1_0.gender,u1_0.password,u1_0.phone_number,u1_0.provider,u1_0.relationship_status,u1_0.reset_password_token,u1_0.status,u1_0.username,u1_0.verification_code from users u1_0 where u1_0.email=?
Hibernate: select p1_0.id,p1_0.content,p1_0.created_at,p1_0.image_url,p1_0.user_id,u1_0.id,u1_0.avatar,u1_0.bio,u1_0.cover,u1_0.date_of_birth,u1_0.email,u1_0.full_name,u1_0.gender,u1_0.password,u1_0.phone_number,u1_0.provider,u1_0.relationship_status,u1_0.reset_password_token,u1_0.status,u1_0.username,u1_0.verification_code,p1_0.visibility from posts p1_0 join users u1_0 on u1_0.id=p1_0.user_id where p1_0.id=?
Hibernate: select l1_0.id,l1_0.created_at,l1_0.post_id,l1_0.user_id from likes l1_0 where l1_0.post_id=? and l1_0.user_id=?
Hibernate: insert into likes (created_at,post_id,user_id) values (?,?,?)
Hibernate: select u1_0.id,u1_0.avatar,u1_0.bio,u1_0.cover,u1_0.date_of_birth,u1_0.email,u1_0.full_name,u1_0.gender,u1_0.password,u1_0.phone_number,u1_0.provider,u1_0.relationship_status,u1_0.reset_password_token,u1_0.status,u1_0.username,u1_0.verification_code from users u1_0 where u1_0.email=?
Hibernate: select p1_0.id,p1_0.content,p1_0.created_at,p1_0.image_url,p1_0.user_id,p1_0.visibility from posts p1_0 left join users u1_0 on u1_0.id=p1_0.user_id where u1_0.id=? order by p1_0.created_at desc
Hibernate: select count(l1_0.id) from likes l1_0 left join posts p1_0 on p1_0.id=l1_0.post_id where p1_0.id=?
Hibernate: select count(c1_0.id) from comments c1_0 left join posts p1_0 on p1_0.id=c1_0.post_id where p1_0.id=?
Hibernate: select l1_0.id,l1_0.created_at,l1_0.post_id,l1_0.user_id from likes l1_0 where l1_0.post_id=? and l1_0.user_id=?
Hibernate: select u1_0.id,u1_0.avatar,u1_0.bio,u1_0.cover,u1_0.date_of_birth,u1_0.email,u1_0.full_name,u1_0.gender,u1_0.password,u1_0.phone_number,u1_0.provider,u1_0.relationship_status,u1_0.reset_password_token,u1_0.status,u1_0.username,u1_0.verification_code from users u1_0 where u1_0.email=?
Hibernate: select u1_0.id,u1_0.avatar,u1_0.bio,u1_0.cover,u1_0.date_of_birth,u1_0.email,u1_0.full_name,u1_0.gender,u1_0.password,u1_0.phone_number,u1_0.provider,u1_0.relationship_status,u1_0.reset_password_token,u1_0.status,u1_0.username,u1_0.verification_code from users u1_0 where u1_0.email=?
Hibernate: select p1_0.id,p1_0.content,p1_0.created_at,p1_0.image_url,p1_0.user_id,p1_0.visibility from posts p1_0 order by p1_0.created_at desc
Hibernate: select count(l1_0.id) from likes l1_0 left join posts p1_0 on p1_0.id=l1_0.post_id where p1_0.id=?
Hibernate: select count(c1_0.id) from comments c1_0 left join posts p1_0 on p1_0.id=c1_0.post_id where p1_0.id=?
Hibernate: select l1_0.id,l1_0.created_at,l1_0.post_id,l1_0.user_id from likes l1_0 where l1_0.post_id=? and l1_0.user_id=?
Hibernate: select u1_0.id,u1_0.avatar,u1_0.bio,u1_0.cover,u1_0.date_of_birth,u1_0.email,u1_0.full_name,u1_0.gender,u1_0.password,u1_0.phone_number,u1_0.provider,u1_0.relationship_status,u1_0.reset_password_token,u1_0.status,u1_0.username,u1_0.verification_code from users u1_0 where u1_0.email=?
Hibernate: select c1_0.id,c1_0.content,c1_0.created_at,c1_0.post_id,c1_0.user_id from comments c1_0 left join posts p1_0 on p1_0.id=c1_0.post_id where p1_0.id=? order by c1_0.created_at desc
Hibernate: select u1_0.id,u1_0.avatar,u1_0.bio,u1_0.cover,u1_0.date_of_birth,u1_0.email,u1_0.full_name,u1_0.gender,u1_0.password,u1_0.phone_number,u1_0.provider,u1_0.relationship_status,u1_0.reset_password_token,u1_0.status,u1_0.username,u1_0.verification_code from users u1_0 where u1_0.email=?
Hibernate: select u1_0.id,u1_0.avatar,u1_0.bio,u1_0.cover,u1_0.date_of_birth,u1_0.email,u1_0.full_name,u1_0.gender,u1_0.password,u1_0.phone_number,u1_0.provider,u1_0.relationship_status,u1_0.reset_password_token,u1_0.status,u1_0.username,u1_0.verification_code from users u1_0 where u1_0.email=?
Hibernate: select p1_0.id,p1_0.content,p1_0.created_at,p1_0.image_url,p1_0.user_id,p1_0.visibility from posts p1_0 order by p1_0.created_at desc
Hibernate: select count(l1_0.id) from likes l1_0 left join posts p1_0 on p1_0.id=l1_0.post_id where p1_0.id=?
Hibernate: select count(c1_0.id) from comments c1_0 left join posts p1_0 on p1_0.id=c1_0.post_id where p1_0.id=?
Hibernate: select l1_0.id,l1_0.created_at,l1_0.post_id,l1_0.user_id from likes l1_0 where l1_0.post_id=? and l1_0.user_id=?
Hibernate: select u1_0.id,u1_0.avatar,u1_0.bio,u1_0.cover,u1_0.date_of_birth,u1_0.email,u1_0.full_name,u1_0.gender,u1_0.password,u1_0.phone_number,u1_0.provider,u1_0.relationship_status,u1_0.reset_password_token,u1_0.status,u1_0.username,u1_0.verification_code from users u1_0 where u1_0.email=?
Hibernate: select c1_0.id,c1_0.content,c1_0.created_at,c1_0.post_id,c1_0.user_id from comments c1_0 left join posts p1_0 on p1_0.id=c1_0.post_id where p1_0.id=? order by c1_0.created_at desc
[INFO] ------------------------------------------------------------------------
[INFO] BUILD FAILURE
[INFO] ------------------------------------------------------------------------
[INFO] Total time:  12:29 min
[INFO] Finished at: 2026-04-18T23:59:35+07:00
[INFO] ------------------------------------------------------------------------
[ERROR] Failed to execute goal org.springframework.boot:spring-boot-maven-plugin:3.2.5:run (default-cli) on project app: Process terminated with exit code: 137 -> [Help 1]
[ERROR] 
[ERROR] To see the full stack trace of the errors, re-run Maven with the -e switch.
[ERROR] Re-run Maven using the -X switch to enable full debug logging.
[ERROR] 
[ERROR] For more information about the errors and possible solutions, please read the following articles:
[ERROR] [Help 1] http://cwiki.apache.org/confluence/display/MAVEN/MojoExecutionException
