C:\Users\DELL\AppData\Local\Programs\Python\Python312\Lib\site-packages\gdown\__init__.py:3: UserWarning: pkg_resources is deprecated as an API. See https://setuptools.pypa.io/en/latest/pkg_resources.html. The pkg_resources package is slated for removal as early as 2025-11-30. Refrain from using this package or pin to Setuptools<81.
  import pkg_resources
C:\Users\DELL\AppData\Local\Programs\Python\Python312\Lib\site-packages\vietocr\tool\predictor.py:20: FutureWarning: You are using `torch.load` with `weights_only=False` (the current default value), which uses the default pickle module implicitly. It is possible to construct malicious pickle data which will execute arbitrary code during unpickling (See https://github.com/pytorch/pytorch/blob/main/SECURITY.md#untrusted-models for more details). In a future release, the default value for `weights_only` will be flipped to `True`. This limits the functions that could be executed during unpickling. Arbitrary objects will no longer be allowed to be loaded via this mode unless they are explicitly allowlisted by the user via `torch.serialization.add_safe_globals`. We recommend you start setting `weights_only=True` for any use case where you don't have full control of the loaded file. Please open an issue on GitHub for any issues related to this experimental feature.
  model.load_state_dict(torch.load(weights, map_location=torch.device(device)))
INFO:httpx:HTTP Request: HEAD https://huggingface.co/vinai/phobert-base/resolve/main/config.json "HTTP/1.1 307 Temporary Redirect"
INFO:httpx:HTTP Request: HEAD https://huggingface.co/api/resolve-cache/models/vinai/phobert-base/c1e37c5c86f918761049cef6fa216b4779d0d01d/config.json "HTTP/1.1 200 OK"
INFO:httpx:HTTP Request: HEAD https://huggingface.co/vinai/phobert-base/resolve/main/model.safetensors "HTTP/1.1 404 Not Found"
Warning: You are sending unauthenticated requests to the HF Hub. Please set a HF_TOKEN to enable higher rate limits and faster downloads.
WARNING:huggingface_hub.utils._http:Warning: You are sending unauthenticated requests to the HF Hub. Please set a HF_TOKEN to enable higher rate limits and faster downloads.
INFO:httpx:HTTP Request: GET https://huggingface.co/api/models/vinai/phobert-base "HTTP/1.1 200 OK"
INFO:httpx:HTTP Request: GET https://huggingface.co/api/models/vinai/phobert-base/commits/main "HTTP/1.1 200 OK"
INFO:httpx:HTTP Request: GET https://huggingface.co/api/models/vinai/phobert-base/discussions?p=0 "HTTP/1.1 200 OK"
Loading weights:   0%|          | 0/199 [00:00<?, ?it/s]Loading weights: 100%|██████████| 199/199 [00:00<00:00, 18112.64it/s]
[1mRobertaModel LOAD REPORT[0m from: vinai/phobert-base
Key                             | Status     |  | 
--------------------------------+------------+--+-
lm_head.dense.bias              | UNEXPECTED |  | 
lm_head.bias                    | UNEXPECTED |  | 
roberta.embeddings.position_ids | UNEXPECTED |  | 
lm_head.decoder.weight          | UNEXPECTED |  | 
lm_head.layer_norm.weight       | UNEXPECTED |  | 
lm_head.layer_norm.bias         | UNEXPECTED |  | 
lm_head.dense.weight            | UNEXPECTED |  | 
lm_head.decoder.bias            | UNEXPECTED |  | 

[3mNotes:
- UNEXPECTED[3m	:can be ignored when loading from different task/architecture; not ok if you expect identical arch.[0m
INFO:httpx:HTTP Request: GET https://huggingface.co/api/models/vinai/phobert-base/commits/refs%2Fpr%2F7 "HTTP/1.1 200 OK"
INFO:httpx:HTTP Request: HEAD https://huggingface.co/vinai/phobert-base/resolve/main/config.json "HTTP/1.1 307 Temporary Redirect"
INFO:httpx:HTTP Request: HEAD https://huggingface.co/api/resolve-cache/models/vinai/phobert-base/c1e37c5c86f918761049cef6fa216b4779d0d01d/config.json "HTTP/1.1 200 OK"
INFO:httpx:HTTP Request: HEAD https://huggingface.co/vinai/phobert-base/resolve/refs%2Fpr%2F7/model.safetensors.index.json "HTTP/1.1 404 Not Found"
INFO:httpx:HTTP Request: HEAD https://huggingface.co/vinai/phobert-base/resolve/refs%2Fpr%2F7/model.safetensors "HTTP/1.1 302 Found"
INFO:httpx:HTTP Request: HEAD https://huggingface.co/vinai/phobert-base/resolve/main/tokenizer_config.json "HTTP/1.1 404 Not Found"
INFO:httpx:HTTP Request: HEAD https://huggingface.co/vinai/phobert-base/resolve/main/tokenizer_config.json "HTTP/1.1 404 Not Found"
INFO:httpx:HTTP Request: GET https://huggingface.co/api/models/vinai/phobert-base/tree/main/additional_chat_templates?recursive=false&expand=false "HTTP/1.1 404 Not Found"
INFO:httpx:HTTP Request: GET https://huggingface.co/api/models/vinai/phobert-base/tree/main?recursive=true&expand=false "HTTP/1.1 200 OK"
INFO:httpx:HTTP Request: HEAD https://huggingface.co/vinai/phobert-base/resolve/main/vocab.txt "HTTP/1.1 307 Temporary Redirect"
INFO:httpx:HTTP Request: HEAD https://huggingface.co/api/resolve-cache/models/vinai/phobert-base/c1e37c5c86f918761049cef6fa216b4779d0d01d/vocab.txt "HTTP/1.1 200 OK"
INFO:__main__:Successfully loaded NSFW model
INFO:__main__:Successfully loaded Violence model
INFO:__main__:Successfully loaded PhoBERT Hate Speech model
D:\University\PBL5\PBL5\src\main\model\moderate.py:221: FutureWarning: You are using `torch.load` with `weights_only=False` (the current default value), which uses the default pickle module implicitly. It is possible to construct malicious pickle data which will execute arbitrary code during unpickling (See https://github.com/pytorch/pytorch/blob/main/SECURITY.md#untrusted-models for more details). In a future release, the default value for `weights_only` will be flipped to `True`. This limits the functions that could be executed during unpickling. Arbitrary objects will no longer be allowed to be loaded via this mode unless they are explicitly allowlisted by the user via `torch.serialization.add_safe_globals`. We recommend you start setting `weights_only=True` for any use case where you don't have full control of the loaded file. Please open an issue on GitHub for any issues related to this experimental feature.
  loaded = torch.load(torch_path, map_location=device)
INFO:__main__:Successfully loaded and mapped MFCC hatespeech PyTorch model from weights dict
INFO:werkzeug:[31m[1mWARNING: This is a development server. Do not use it in a production deployment. Use a production WSGI server instead.[0m
 * Running on http://127.0.0.1:5000
INFO:werkzeug:[33mPress CTRL+C to quit[0m
INFO:werkzeug:127.0.0.1 - - [29/May/2026 12:57:43] "GET /health HTTP/1.1" 200 -
INFO:werkzeug:127.0.0.1 - - [29/May/2026 13:10:24] "GET /health HTTP/1.1" 200 -
C:\Users\DELL\AppData\Local\Programs\Python\Python312\Lib\site-packages\torch\nn\modules\conv.py:370: UserWarning: Using padding='same' with even kernel lengths and odd dilation may require a zero-padded copy of the input be created (Triggered internally at C:\actions-runner\_work\pytorch\pytorch\builder\windows\pytorch\aten\src\ATen\native\Convolution.cpp:1037.)
  return F.conv1d(
INFO:werkzeug:127.0.0.1 - - [29/May/2026 13:11:32] "POST /api/moderate HTTP/1.1" 200 -
